./sdriver.pl -t trace01.txt -s ./tsh -a "-p"
#
# trace01.txt - Properly terminate on EOF.
#
./sdriver.pl -t trace02.txt -s ./tsh -a "-p"
#
# trace02.txt - Process builtin quit command.
#
./sdriver.pl -t trace03.txt -s ./tsh -a "-p"
#
# trace03.txt - Run a foreground job.
#
tsh> quit
./sdriver.pl -t trace04.txt -s ./tsh -a "-p"
#
# trace04.txt - Run a background job.
#
tsh> ./myspin 1 &
[1] (2190) ./myspin 1 &
./sdriver.pl -t trace05.txt -s ./tsh -a "-p"
#
# trace05.txt - Process jobs builtin command.
#
tsh> ./myspin 2 &
[1] (2340) ./myspin 2 &
tsh> ./myspin 3 &
[2] (2342) ./myspin 3 &
tsh> jobs
[1] (2340) Running ./myspin 2 &
[2] (2342) Running ./myspin 3 &
./sdriver.pl -t trace06.txt -s ./tsh -a "-p"
#
# trace06.txt - Forward SIGINT to foreground job.
#
tsh> ./myspin 4
Job [1] (2496) terminated by signal 2
./sdriver.pl -t trace07.txt -s ./tsh -a "-p"
#
# trace07.txt - Forward SIGINT only to foreground job.
#
tsh> ./myspin 4 &
[1] (2646) ./myspin 4 &
tsh> ./myspin 5
Job [2] (2648) terminated by signal 2
tsh> jobs
[1] (2646) Running ./myspin 4 &
./sdriver.pl -t trace08.txt -s ./tsh -a "-p"
#
# trace08.txt - Forward SIGTSTP only to foreground job.
#
tsh> ./myspin 4 &
[1] (2802) ./myspin 4 &
tsh> ./myspin 5
Job [2] (2804) stopped by signal 20
tsh> jobs
[1] (2802) Running ./myspin 4 &
[2] (2804) Stopped ./myspin 5
./sdriver.pl -t trace09.txt -s ./tsh -a "-p"
#
# trace09.txt - Process bg builtin command
#
tsh> ./myspin 4 &
[1] (2961) ./myspin 4 &
tsh> ./myspin 5
Job [2] (2963) stopped by signal 20
tsh> jobs
[1] (2961) Running ./myspin 4 &
[2] (2963) Stopped ./myspin 5 
tsh> bg %2
[2] (2963) ./myspin 5 
tsh> jobs
[1] (2961) Running ./myspin 4 &
[2] (2963) Running ./myspin 5
./sdriver.pl -t trace10.txt -s ./tsh -a "-p"
#
# trace10.txt - Process fg builtin command. 
#
tsh> ./myspin 4 &
[1] (3123) ./myspin 4 &
tsh> fg %1
Job [1] (3123) stopped by signal 20
tsh> jobs
[1] (3123) Stopped ./myspin 4 &
tsh> fg %1
tsh> jobs
./sdriver.pl -t trace11.txt -s ./tsh -a "-p"
#
# trace11.txt - Forward SIGINT to every process in foreground process group
#
tsh> ./mysplit 4
Job [1] (3281) terminated by signal 2
tsh> /bin/ps a
    PID TTY      STAT   TIME COMMAND
    841 tty1     Ss+    0:00 /sbin/agetty -o -p -- \u --noclear - linux
    842 ttyS0    Ss+    0:00 /sbin/agetty -o -p -- \u --keep-baud 115200,57600,38400,9600 - vt220
   1193 pts/0    Ss     0:00 -bash
   3276 pts/0    S+     0:00 make test11
   3277 pts/0    S+     0:00 /bin/sh -c ./sdriver.pl -t trace11.txt -s ./tsh -a "-p"
   3278 pts/0    S+     0:00 /usr/bin/perl ./sdriver.pl -t trace11.txt -s ./tsh -a -p
   3279 pts/0    S+     0:00 ./tsh -p
   3284 pts/0    R      0:00 /bin/ps a
./sdriver.pl -t trace12.txt -s ./tsh -a "-p"
#
# trace12.txt - Forward SIGTSTP to every process in foreground process group
#
tsh> ./mysplit 4
Job [1] (3437) stopped by signal 20
tsh> jobs
[1] (3437) Stopped ./mysplit 4 
tsh> /bin/ps a
    PID TTY      STAT   TIME COMMAND
    841 tty1     Ss+    0:00 /sbin/agetty -o -p -- \u --noclear - linux
    842 ttyS0    Ss+    0:00 /sbin/agetty -o -p -- \u --keep-baud 115200,57600,38400,9600 - vt220
   1193 pts/0    Ss     0:00 -bash
   3432 pts/0    S+     0:00 make test12
   3433 pts/0    S+     0:00 /bin/sh -c ./sdriver.pl -t trace12.txt -s ./tsh -a "-p"
   3434 pts/0    S+     0:00 /usr/bin/perl ./sdriver.pl -t trace12.txt -s ./tsh -a -p
   3435 pts/0    S+     0:00 ./tsh -p
   3437 pts/0    T      0:00 ./mysplit 4
   3438 pts/0    T      0:00 ./mysplit 4
   3441 pts/0    R      0:00 /bin/ps a
./sdriver.pl -t trace13.txt -s ./tsh -a "-p"
#
# trace13.txt - Restart every stopped process in process group
#
tsh> ./mysplit 4
Job [1] (3595) stopped by signal 20
tsh> jobs
[1] (3595) Stopped ./mysplit 4 
tsh> /bin/ps a
    PID TTY      STAT   TIME COMMAND
    841 tty1     Ss+    0:00 /sbin/agetty -o -p -- \u --noclear - linux
    842 ttyS0    Ss+    0:00 /sbin/agetty -o -p -- \u --keep-baud 115200,57600,38400,9600 - vt220
   1193 pts/0    Ss     0:00 -bash
   3590 pts/0    S+     0:00 make test13
   3591 pts/0    S+     0:00 /bin/sh -c ./sdriver.pl -t trace13.txt -s ./tsh -a "-p"
   3592 pts/0    S+     0:00 /usr/bin/perl ./sdriver.pl -t trace13.txt -s ./tsh -a -p
   3593 pts/0    S+     0:00 ./tsh -p
   3595 pts/0    T      0:00 ./mysplit 4
   3596 pts/0    T      0:00 ./mysplit 4
   3599 pts/0    R      0:00 /bin/ps a
tsh> fg %1
tsh> /bin/ps a
    PID TTY      STAT   TIME COMMAND
    841 tty1     Ss+    0:00 /sbin/agetty -o -p -- \u --noclear - linux
    842 ttyS0    Ss+    0:00 /sbin/agetty -o -p -- \u --keep-baud 115200,57600,38400,9600 - vt220
   1193 pts/0    Ss     0:00 -bash
   3590 pts/0    S+     0:00 make test13
   3591 pts/0    S+     0:00 /bin/sh -c ./sdriver.pl -t trace13.txt -s ./tsh -a "-p"
   3592 pts/0    S+     0:00 /usr/bin/perl ./sdriver.pl -t trace13.txt -s ./tsh -a -p
   3593 pts/0    S+     0:00 ./tsh -p
   3602 pts/0    R      0:00 /bin/ps a
./sdriver.pl -t trace14.txt -s ./tsh -a "-p"
#
# trace14.txt - Simple error handling
#
tsh> ./bogus
./bogus: Command not found
tsh> ./myspin 4 &
[1] (4095) ./myspin 4 &
tsh> fg
fg command requires PID or %jobid argument
tsh> bg
bg command requires PID or %jobid argument
tsh> fg a
fg: argument must be a PID or %jobid
tsh> bg a
bg: argument must be a PID or %jobid
tsh> fg 9999999
(9999999): No such process
tsh> bg 9999999
(9999999): No such process
tsh> fg %2
%2: No such job
tsh> fg %1
Job [1] (4095) stopped by signal 20
tsh> bg %2
%2: No such job
tsh> bg %1
[1] (4095) ./myspin 4 &
tsh> jobs
[1] (4095) Running ./myspin 4 &
./sdriver.pl -t trace15.txt -s ./tsh -a "-p"
#
# trace15.txt - Putting it all together
#
tsh> ./bogus
./bogus: Command not found
tsh> ./myspin 10
Job [1] (4183) terminated by signal 2
tsh> ./myspin 3 &
[1] (4185) ./myspin 3 &
tsh> ./myspin 4 &
[2] (4187) ./myspin 4 &
tsh> jobs
[1] (4185) Running ./myspin 3 &
[2] (4187) Running ./myspin 4 &
tsh> fg %1
Job [1] (4185) stopped by signal 20
tsh> jobs
[1] (4185) Stopped ./myspin 3 &
[2] (4187) Running ./myspin 4 &
tsh> bg %3
%3: No such job
tsh> bg %1
[1] (4185) ./myspin 3 &
tsh> jobs
[1] (4185) Running ./myspin 3 &
[2] (4187) Running ./myspin 4 &
tsh> fg %1
tsh> quit
./sdriver.pl -t trace16.txt -s ./tsh -a "-p"
#
# trace16.txt - Tests whether the shell can handle SIGTSTP and SIGINT
#     signals that come from other processes instead of the terminal.
#
tsh> ./mystop 2
Job [1] (4359) stopped by signal 20
tsh> jobs
[1] (4359) Stopped ./mystop 2
tsh> ./myint 2
Job [2] (4362) terminated by signal 2